<?xml version="1.0" encoding="UTF-8" ?>
<testsuite failures="0" time="1.375" errors="0" skipped="0" tests="7" name="org.mule.example.test.HelloSampleTestCase">
  <properties>
[...]
</properties>
  <testcase time="0.023" classname="org.mule.example.test.HelloSampleTestCase" name="testChitChatter"/>
  <testcase time="0.021" classname="org.mule.example.test.HelloSampleTestCase" name="testStringToNameTransformer"/>
  <testcase time="0.002" classname="org.mule.example.test.HelloSampleTestCase" name="testStdinToNameTransformer"/>
  <testcase time="0.001" classname="org.mule.example.test.HelloSampleTestCase" name="testNameToChatTransformer"/>
  <testcase time="0.002" classname="org.mule.example.test.HelloSampleTestCase" name="testHttpRequestToNameTransformer"/>
  <testcase time="0.001" classname="org.mule.example.test.HelloSampleTestCase" name="testHttpRequestToNameStreamingTransformer"/>
  <testcase time="1.022" classname="org.mule.example.test.HelloSampleTestCase" name="testGreeter"/>
</testsuite>